10:54:48.776 INFO  [main][AttendanceApplication.logStarting(StartupInfoLogger.java:55)] Starting AttendanceApplication using Java 17.0.2 on DESKTOP-DG5SNN9 with PID 11008 (D:\產業尖兵\Java_project\attendance\bin\main started by TOM HSIEH in D:\產業尖兵\Java_project\attendance)
10:54:48.788 INFO  [main][AttendanceApplication.logStartupProfileInfo(SpringApplication.java:632)] No active profile set, falling back to 1 default profile: "default"
10:54:50.561 INFO  [main][RepositoryConfigurationDelegate.registerRepositoriesIn(RepositoryConfigurationDelegate.java:132)] Bootstrapping Spring Data JPA repositories in DEFAULT mode.
10:54:50.785 INFO  [main][RepositoryConfigurationDelegate.registerRepositoriesIn(RepositoryConfigurationDelegate.java:201)] Finished Spring Data repository scanning in 191 ms. Found 7 JPA repository interfaces.
10:54:52.407 INFO  [main][TomcatWebServer.initialize(TomcatWebServer.java:108)] Tomcat initialized with port(s): 8081 (http)
10:54:52.425 INFO  [main][Http11NioProtocol.log(DirectJDKLog.java:173)] Initializing ProtocolHandler ["http-nio-8081"]
10:54:52.429 INFO  [main][StandardService.log(DirectJDKLog.java:173)] Starting service [Tomcat]
10:54:52.430 INFO  [main][StandardEngine.log(DirectJDKLog.java:173)] Starting Servlet engine: [Apache Tomcat/9.0.82]
10:54:52.846 INFO  [main][[/].log(DirectJDKLog.java:173)] Initializing Spring embedded WebApplicationContext
10:54:52.848 INFO  [main][ServletWebServerApplicationContext.prepareWebApplicationContext(ServletWebServerApplicationContext.java:292)] Root WebApplicationContext: initialization completed in 3846 ms
10:54:53.225 INFO  [main][HikariDataSource.getConnection(HikariDataSource.java:110)] HikariPool-1 - Starting...
10:54:53.680 INFO  [main][HikariDataSource.getConnection(HikariDataSource.java:123)] HikariPool-1 - Start completed.
10:54:53.798 INFO  [main][LogHelper.logPersistenceUnitInformation(LogHelper.java:31)] HHH000204: Processing PersistenceUnitInfo [name: default]
10:54:54.029 INFO  [main][Version.logVersion(Version.java:44)] HHH000412: Hibernate ORM core version 5.6.15.Final
10:54:54.440 INFO  [main][Version.<clinit>(JavaReflectionManager.java:56)] HCANN000001: Hibernate Commons Annotations {5.1.2.Final}
10:54:54.742 INFO  [main][Dialect.<init>(Dialect.java:175)] HHH000400: Using dialect: org.hibernate.dialect.MySQL8Dialect
10:54:55.999 INFO  [main][JtaPlatformInitiator.initiateService(JtaPlatformInitiator.java:52)] HHH000490: Using JtaPlatform implementation: [org.hibernate.engine.transaction.jta.platform.internal.NoJtaPlatform]
10:54:56.020 INFO  [main][LocalContainerEntityManagerFactoryBean.buildNativeEntityManagerFactory(AbstractEntityManagerFactoryBean.java:437)] Initialized JPA EntityManagerFactory for persistence unit 'default'
10:54:57.195 WARN  [main][JpaBaseConfiguration$JpaWebConfiguration.openEntityManagerInViewInterceptor(JpaBaseConfiguration.java:223)] spring.jpa.open-in-view is enabled by default. Therefore, database queries may be performed during view rendering. Explicitly configure spring.jpa.open-in-view to disable this warning
10:54:57.981 WARN  [main][UserDetailsServiceAutoConfiguration.getOrDeducePassword(UserDetailsServiceAutoConfiguration.java:89)] 

Using generated security password: 3bffb9a7-4171-4205-a1d6-0a92209c5709

This generated password is for development use only. Your security configuration must be updated before running your application in production.

10:54:58.288 INFO  [main][DefaultSecurityFilterChain.<init>(DefaultSecurityFilterChain.java:55)] Will secure any request with [org.springframework.security.web.session.DisableEncodeUrlFilter@694c0ed1, org.springframework.security.web.context.request.async.WebAsyncManagerIntegrationFilter@118f2486, org.springframework.security.web.context.SecurityContextPersistenceFilter@524c3e54, org.springframework.security.web.header.HeaderWriterFilter@6f26e775, org.springframework.security.web.csrf.CsrfFilter@5e25085, org.springframework.security.web.authentication.logout.LogoutFilter@360d3f47, org.springframework.security.web.authentication.UsernamePasswordAuthenticationFilter@4ee19768, org.springframework.security.web.authentication.ui.DefaultLoginPageGeneratingFilter@1f229c40, org.springframework.security.web.authentication.ui.DefaultLogoutPageGeneratingFilter@4d071e4b, org.springframework.security.web.authentication.www.BasicAuthenticationFilter@3cd89c72, org.springframework.security.web.savedrequest.RequestCacheAwareFilter@10df1f34, org.springframework.security.web.servletapi.SecurityContextHolderAwareRequestFilter@6fe77a97, org.springframework.security.web.authentication.AnonymousAuthenticationFilter@2b441609, org.springframework.security.web.session.SessionManagementFilter@2e5c245d, org.springframework.security.web.access.ExceptionTranslationFilter@672f69f7, org.springframework.security.web.access.intercept.FilterSecurityInterceptor@4b37d1a4]
10:54:58.354 INFO  [main][Http11NioProtocol.log(DirectJDKLog.java:173)] Starting ProtocolHandler ["http-nio-8081"]
10:54:58.421 INFO  [main][TomcatWebServer.start(TomcatWebServer.java:220)] Tomcat started on port(s): 8081 (http) with context path ''
10:54:58.442 INFO  [main][AttendanceApplication.logStarted(StartupInfoLogger.java:61)] Started AttendanceApplication in 10.692 seconds (JVM running for 13.735)
10:56:09.684 INFO  [main][AttendanceApplication.logStarting(StartupInfoLogger.java:55)] Starting AttendanceApplication using Java 17.0.2 on DESKTOP-DG5SNN9 with PID 12796 (D:\產業尖兵\Java_project\attendance\bin\main started by TOM HSIEH in D:\產業尖兵\Java_project\attendance)
10:56:09.698 INFO  [main][AttendanceApplication.logStartupProfileInfo(SpringApplication.java:632)] No active profile set, falling back to 1 default profile: "default"
10:56:11.633 INFO  [main][RepositoryConfigurationDelegate.registerRepositoriesIn(RepositoryConfigurationDelegate.java:132)] Bootstrapping Spring Data JPA repositories in DEFAULT mode.
10:56:11.909 INFO  [main][RepositoryConfigurationDelegate.registerRepositoriesIn(RepositoryConfigurationDelegate.java:201)] Finished Spring Data repository scanning in 248 ms. Found 7 JPA repository interfaces.
10:56:13.539 INFO  [main][TomcatWebServer.initialize(TomcatWebServer.java:108)] Tomcat initialized with port(s): 8081 (http)
10:56:13.570 INFO  [main][Http11NioProtocol.log(DirectJDKLog.java:173)] Initializing ProtocolHandler ["http-nio-8081"]
10:56:13.578 INFO  [main][StandardService.log(DirectJDKLog.java:173)] Starting service [Tomcat]
10:56:13.580 INFO  [main][StandardEngine.log(DirectJDKLog.java:173)] Starting Servlet engine: [Apache Tomcat/9.0.82]
10:56:13.921 INFO  [main][[/].log(DirectJDKLog.java:173)] Initializing Spring embedded WebApplicationContext
10:56:13.931 INFO  [main][ServletWebServerApplicationContext.prepareWebApplicationContext(ServletWebServerApplicationContext.java:292)] Root WebApplicationContext: initialization completed in 4059 ms
10:56:14.676 INFO  [main][HikariDataSource.getConnection(HikariDataSource.java:110)] HikariPool-1 - Starting...
10:56:15.213 INFO  [main][HikariDataSource.getConnection(HikariDataSource.java:123)] HikariPool-1 - Start completed.
10:56:15.448 INFO  [main][LogHelper.logPersistenceUnitInformation(LogHelper.java:31)] HHH000204: Processing PersistenceUnitInfo [name: default]
10:56:15.694 INFO  [main][Version.logVersion(Version.java:44)] HHH000412: Hibernate ORM core version 5.6.15.Final
10:56:16.170 INFO  [main][Version.<clinit>(JavaReflectionManager.java:56)] HCANN000001: Hibernate Commons Annotations {5.1.2.Final}
10:56:16.508 INFO  [main][Dialect.<init>(Dialect.java:175)] HHH000400: Using dialect: org.hibernate.dialect.MySQL8Dialect
10:56:18.035 INFO  [main][JtaPlatformInitiator.initiateService(JtaPlatformInitiator.java:52)] HHH000490: Using JtaPlatform implementation: [org.hibernate.engine.transaction.jta.platform.internal.NoJtaPlatform]
10:56:18.084 INFO  [main][LocalContainerEntityManagerFactoryBean.buildNativeEntityManagerFactory(AbstractEntityManagerFactoryBean.java:437)] Initialized JPA EntityManagerFactory for persistence unit 'default'
10:56:19.587 WARN  [main][JpaBaseConfiguration$JpaWebConfiguration.openEntityManagerInViewInterceptor(JpaBaseConfiguration.java:223)] spring.jpa.open-in-view is enabled by default. Therefore, database queries may be performed during view rendering. Explicitly configure spring.jpa.open-in-view to disable this warning
10:56:20.480 WARN  [main][UserDetailsServiceAutoConfiguration.getOrDeducePassword(UserDetailsServiceAutoConfiguration.java:89)] 

Using generated security password: 07aa6b9c-2d9b-491e-9517-f5dc82d6c43f

This generated password is for development use only. Your security configuration must be updated before running your application in production.

10:56:20.773 INFO  [main][DefaultSecurityFilterChain.<init>(DefaultSecurityFilterChain.java:55)] Will secure any request with [org.springframework.security.web.session.DisableEncodeUrlFilter@2b441609, org.springframework.security.web.context.request.async.WebAsyncManagerIntegrationFilter@22f7bf36, org.springframework.security.web.context.SecurityContextPersistenceFilter@6fe77a97, org.springframework.security.web.header.HeaderWriterFilter@3c862522, org.springframework.security.web.csrf.CsrfFilter@45b2d17b, org.springframework.security.web.authentication.logout.LogoutFilter@17b387ef, org.springframework.security.web.authentication.UsernamePasswordAuthenticationFilter@78e4fa1, org.springframework.security.web.authentication.ui.DefaultLoginPageGeneratingFilter@4a977146, org.springframework.security.web.authentication.ui.DefaultLogoutPageGeneratingFilter@4a3404fa, org.springframework.security.web.authentication.www.BasicAuthenticationFilter@694c0ed1, org.springframework.security.web.savedrequest.RequestCacheAwareFilter@2d527346, org.springframework.security.web.servletapi.SecurityContextHolderAwareRequestFilter@451cef67, org.springframework.security.web.authentication.AnonymousAuthenticationFilter@3fb4beb1, org.springframework.security.web.session.SessionManagementFilter@524c3e54, org.springframework.security.web.access.ExceptionTranslationFilter@3220833f, org.springframework.security.web.access.intercept.FilterSecurityInterceptor@5923210]
10:56:20.870 INFO  [main][Http11NioProtocol.log(DirectJDKLog.java:173)] Starting ProtocolHandler ["http-nio-8081"]
10:56:20.937 INFO  [main][TomcatWebServer.start(TomcatWebServer.java:220)] Tomcat started on port(s): 8081 (http) with context path ''
10:56:20.968 INFO  [main][AttendanceApplication.logStarted(StartupInfoLogger.java:61)] Started AttendanceApplication in 12.154 seconds (JVM running for 13.642)
11:24:16.006 INFO  [main][SpringBootTestContextBootstrapper.buildDefaultMergedContextConfiguration(AbstractTestContextBootstrapper.java:305)] Neither @ContextConfiguration nor @ContextHierarchy found for test class [com.example.attendance.departmentTest], using SpringBootContextLoader
11:24:16.034 INFO  [main][AbstractContextLoader.generateDefaultLocations(AbstractContextLoader.java:264)] Could not detect default resource locations for test class [com.example.attendance.departmentTest]: no resource found for suffixes {-context.xml, Context.groovy}.
11:24:16.036 INFO  [main][AnnotationConfigContextLoaderUtils.detectDefaultConfigurationClasses(AnnotationConfigContextLoaderUtils.java:83)] Could not detect default configuration classes for test class [com.example.attendance.departmentTest]: departmentTest does not declare any static, non-private, non-final, nested classes annotated with @Configuration.
11:24:16.329 INFO  [main][SpringBootTestContextBootstrapper.getOrFindConfigurationClasses(SpringBootTestContextBootstrapper.java:239)] Found @SpringBootConfiguration com.example.attendance.AttendanceApplication for test class com.example.attendance.departmentTest
11:24:16.569 INFO  [main][SpringBootTestContextBootstrapper.getDefaultTestExecutionListenerClassNames(AbstractTestContextBootstrapper.java:245)] Loaded default TestExecutionListener class names from location [META-INF/spring.factories]: [org.springframework.boot.test.autoconfigure.restdocs.RestDocsTestExecutionListener, org.springframework.boot.test.autoconfigure.web.client.MockRestServiceServerResetTestExecutionListener, org.springframework.boot.test.autoconfigure.web.servlet.MockMvcPrintOnlyOnFailureTestExecutionListener, org.springframework.boot.test.autoconfigure.web.servlet.WebDriverTestExecutionListener, org.springframework.boot.test.autoconfigure.webservices.client.MockWebServiceServerTestExecutionListener, org.springframework.boot.test.mock.mockito.MockitoTestExecutionListener, org.springframework.boot.test.mock.mockito.ResetMocksTestExecutionListener, org.springframework.test.context.web.ServletTestExecutionListener, org.springframework.test.context.support.DirtiesContextBeforeModesTestExecutionListener, org.springframework.test.context.event.ApplicationEventsTestExecutionListener, org.springframework.test.context.support.DependencyInjectionTestExecutionListener, org.springframework.test.context.support.DirtiesContextTestExecutionListener, org.springframework.test.context.transaction.TransactionalTestExecutionListener, org.springframework.test.context.jdbc.SqlScriptsTestExecutionListener, org.springframework.test.context.event.EventPublishingTestExecutionListener]
11:24:16.624 INFO  [main][SpringBootTestContextBootstrapper.getTestExecutionListeners(AbstractTestContextBootstrapper.java:174)] Using TestExecutionListeners: [org.springframework.test.context.web.ServletTestExecutionListener@acb0951, org.springframework.test.context.support.DirtiesContextBeforeModesTestExecutionListener@5bf22f18, org.springframework.test.context.event.ApplicationEventsTestExecutionListener@267f474e, org.springframework.boot.test.mock.mockito.MockitoTestExecutionListener@7a7471ce, org.springframework.boot.test.autoconfigure.SpringBootDependencyInjectionTestExecutionListener@28276e50, org.springframework.test.context.support.DirtiesContextTestExecutionListener@62e70ea3, org.springframework.test.context.transaction.TransactionalTestExecutionListener@3efe7086, org.springframework.test.context.jdbc.SqlScriptsTestExecutionListener@675d8c96, org.springframework.test.context.event.EventPublishingTestExecutionListener@741b3bc3, org.springframework.boot.test.autoconfigure.restdocs.RestDocsTestExecutionListener@2ed3b1f5, org.springframework.boot.test.autoconfigure.web.client.MockRestServiceServerResetTestExecutionListener@63648ee9, org.springframework.boot.test.autoconfigure.web.servlet.MockMvcPrintOnlyOnFailureTestExecutionListener@68d6972f, org.springframework.boot.test.autoconfigure.web.servlet.WebDriverTestExecutionListener@45be7cd5, org.springframework.boot.test.autoconfigure.webservices.client.MockWebServiceServerTestExecutionListener@7651218e, org.springframework.boot.test.mock.mockito.ResetMocksTestExecutionListener@3185fa6b]
11:24:17.276 INFO  [main][departmentTest.logStarting(StartupInfoLogger.java:55)] Starting departmentTest using Java 17.0.2 on DESKTOP-DG5SNN9 with PID 2572 (started by TOM HSIEH in D:\產業尖兵\Java_project\attendance)
11:24:17.280 INFO  [main][departmentTest.logStartupProfileInfo(SpringApplication.java:632)] No active profile set, falling back to 1 default profile: "default"
11:24:18.969 INFO  [main][RepositoryConfigurationDelegate.registerRepositoriesIn(RepositoryConfigurationDelegate.java:132)] Bootstrapping Spring Data JPA repositories in DEFAULT mode.
11:24:19.161 INFO  [main][RepositoryConfigurationDelegate.registerRepositoriesIn(RepositoryConfigurationDelegate.java:201)] Finished Spring Data repository scanning in 171 ms. Found 7 JPA repository interfaces.
11:24:20.538 INFO  [main][HikariDataSource.getConnection(HikariDataSource.java:110)] HikariPool-1 - Starting...
11:24:21.018 INFO  [main][HikariDataSource.getConnection(HikariDataSource.java:123)] HikariPool-1 - Start completed.
11:24:21.232 INFO  [main][LogHelper.logPersistenceUnitInformation(LogHelper.java:31)] HHH000204: Processing PersistenceUnitInfo [name: default]
11:24:21.472 INFO  [main][Version.logVersion(Version.java:44)] HHH000412: Hibernate ORM core version 5.6.15.Final
11:24:21.905 INFO  [main][Version.<clinit>(JavaReflectionManager.java:56)] HCANN000001: Hibernate Commons Annotations {5.1.2.Final}
11:24:22.477 INFO  [main][Dialect.<init>(Dialect.java:175)] HHH000400: Using dialect: org.hibernate.dialect.MySQL8Dialect
11:24:23.893 INFO  [main][JtaPlatformInitiator.initiateService(JtaPlatformInitiator.java:52)] HHH000490: Using JtaPlatform implementation: [org.hibernate.engine.transaction.jta.platform.internal.NoJtaPlatform]
11:24:23.917 INFO  [main][LocalContainerEntityManagerFactoryBean.buildNativeEntityManagerFactory(AbstractEntityManagerFactoryBean.java:437)] Initialized JPA EntityManagerFactory for persistence unit 'default'
11:24:25.600 WARN  [main][JpaBaseConfiguration$JpaWebConfiguration.openEntityManagerInViewInterceptor(JpaBaseConfiguration.java:223)] spring.jpa.open-in-view is enabled by default. Therefore, database queries may be performed during view rendering. Explicitly configure spring.jpa.open-in-view to disable this warning
11:24:26.884 WARN  [main][UserDetailsServiceAutoConfiguration.getOrDeducePassword(UserDetailsServiceAutoConfiguration.java:89)] 

Using generated security password: 4fa0bbb5-3a4a-4620-a056-067d21200881

This generated password is for development use only. Your security configuration must be updated before running your application in production.

11:24:27.339 INFO  [main][DefaultSecurityFilterChain.<init>(DefaultSecurityFilterChain.java:55)] Will secure any request with [org.springframework.security.web.session.DisableEncodeUrlFilter@949f0d, org.springframework.security.web.context.request.async.WebAsyncManagerIntegrationFilter@4b3eaf39, org.springframework.security.web.context.SecurityContextPersistenceFilter@42fdf45e, org.springframework.security.web.header.HeaderWriterFilter@423d662a, org.springframework.security.web.csrf.CsrfFilter@50fe5df2, org.springframework.security.web.authentication.logout.LogoutFilter@66d73e2d, org.springframework.security.web.authentication.UsernamePasswordAuthenticationFilter@70a91d72, org.springframework.security.web.authentication.ui.DefaultLoginPageGeneratingFilter@341c0dfc, org.springframework.security.web.authentication.ui.DefaultLogoutPageGeneratingFilter@d6879bf, org.springframework.security.web.authentication.www.BasicAuthenticationFilter@38ae69f7, org.springframework.security.web.savedrequest.RequestCacheAwareFilter@589a4305, org.springframework.security.web.servletapi.SecurityContextHolderAwareRequestFilter@7568134c, org.springframework.security.web.authentication.AnonymousAuthenticationFilter@154208f2, org.springframework.security.web.session.SessionManagementFilter@ebbbe20, org.springframework.security.web.access.ExceptionTranslationFilter@2eb31735, org.springframework.security.web.access.intercept.FilterSecurityInterceptor@580e01cd]
11:24:27.531 INFO  [main][departmentTest.logStarted(StartupInfoLogger.java:61)] Started departmentTest in 10.816 seconds (JVM running for 14.936)
11:24:28.453 INFO  [SpringApplicationShutdownHook][LocalContainerEntityManagerFactoryBean.destroy(AbstractEntityManagerFactoryBean.java:651)] Closing JPA EntityManagerFactory for persistence unit 'default'
11:24:28.461 INFO  [SpringApplicationShutdownHook][HikariDataSource.close(HikariDataSource.java:350)] HikariPool-1 - Shutdown initiated...
11:24:28.524 INFO  [SpringApplicationShutdownHook][HikariDataSource.close(HikariDataSource.java:352)] HikariPool-1 - Shutdown completed.
11:31:56.963 INFO  [main][AttendanceApplication.logStarting(StartupInfoLogger.java:55)] Starting AttendanceApplication using Java 17.0.2 on DESKTOP-DG5SNN9 with PID 16736 (D:\產業尖兵\Java_project\attendance\bin\main started by TOM HSIEH in D:\產業尖兵\Java_project\attendance)
11:31:57.044 INFO  [main][AttendanceApplication.logStartupProfileInfo(SpringApplication.java:632)] No active profile set, falling back to 1 default profile: "default"
11:31:59.218 INFO  [main][RepositoryConfigurationDelegate.registerRepositoriesIn(RepositoryConfigurationDelegate.java:132)] Bootstrapping Spring Data JPA repositories in DEFAULT mode.
11:31:59.454 INFO  [main][RepositoryConfigurationDelegate.registerRepositoriesIn(RepositoryConfigurationDelegate.java:201)] Finished Spring Data repository scanning in 209 ms. Found 7 JPA repository interfaces.
11:32:01.544 INFO  [main][TomcatWebServer.initialize(TomcatWebServer.java:108)] Tomcat initialized with port(s): 8081 (http)
11:32:01.576 INFO  [main][Http11NioProtocol.log(DirectJDKLog.java:173)] Initializing ProtocolHandler ["http-nio-8081"]
11:32:01.582 INFO  [main][StandardService.log(DirectJDKLog.java:173)] Starting service [Tomcat]
11:32:01.587 INFO  [main][StandardEngine.log(DirectJDKLog.java:173)] Starting Servlet engine: [Apache Tomcat/9.0.82]
11:32:02.103 INFO  [main][[/].log(DirectJDKLog.java:173)] Initializing Spring embedded WebApplicationContext
11:32:02.106 INFO  [main][ServletWebServerApplicationContext.prepareWebApplicationContext(ServletWebServerApplicationContext.java:292)] Root WebApplicationContext: initialization completed in 4893 ms
11:32:02.599 INFO  [main][HikariDataSource.getConnection(HikariDataSource.java:110)] HikariPool-1 - Starting...
11:32:03.126 INFO  [main][HikariDataSource.getConnection(HikariDataSource.java:123)] HikariPool-1 - Start completed.
11:32:03.229 INFO  [main][LogHelper.logPersistenceUnitInformation(LogHelper.java:31)] HHH000204: Processing PersistenceUnitInfo [name: default]
11:32:03.432 INFO  [main][Version.logVersion(Version.java:44)] HHH000412: Hibernate ORM core version 5.6.15.Final
11:32:03.823 INFO  [main][Version.<clinit>(JavaReflectionManager.java:56)] HCANN000001: Hibernate Commons Annotations {5.1.2.Final}
11:32:04.145 INFO  [main][Dialect.<init>(Dialect.java:175)] HHH000400: Using dialect: org.hibernate.dialect.MySQL8Dialect
11:32:05.388 INFO  [main][JtaPlatformInitiator.initiateService(JtaPlatformInitiator.java:52)] HHH000490: Using JtaPlatform implementation: [org.hibernate.engine.transaction.jta.platform.internal.NoJtaPlatform]
11:32:05.413 INFO  [main][LocalContainerEntityManagerFactoryBean.buildNativeEntityManagerFactory(AbstractEntityManagerFactoryBean.java:437)] Initialized JPA EntityManagerFactory for persistence unit 'default'
11:32:06.669 WARN  [main][JpaBaseConfiguration$JpaWebConfiguration.openEntityManagerInViewInterceptor(JpaBaseConfiguration.java:223)] spring.jpa.open-in-view is enabled by default. Therefore, database queries may be performed during view rendering. Explicitly configure spring.jpa.open-in-view to disable this warning
11:32:07.438 WARN  [main][UserDetailsServiceAutoConfiguration.getOrDeducePassword(UserDetailsServiceAutoConfiguration.java:89)] 

Using generated security password: 2576ffe2-1789-4763-bb71-c4761406bc28

This generated password is for development use only. Your security configuration must be updated before running your application in production.

11:32:07.692 INFO  [main][DefaultSecurityFilterChain.<init>(DefaultSecurityFilterChain.java:55)] Will secure any request with [org.springframework.security.web.session.DisableEncodeUrlFilter@5c945ee7, org.springframework.security.web.context.request.async.WebAsyncManagerIntegrationFilter@51a5a8ba, org.springframework.security.web.context.SecurityContextPersistenceFilter@68fc1e7f, org.springframework.security.web.header.HeaderWriterFilter@1aebe759, org.springframework.security.web.csrf.CsrfFilter@6265a548, org.springframework.security.web.authentication.logout.LogoutFilter@118879d2, org.springframework.security.web.authentication.UsernamePasswordAuthenticationFilter@407d2a01, org.springframework.security.web.authentication.ui.DefaultLoginPageGeneratingFilter@33197c2f, org.springframework.security.web.authentication.ui.DefaultLogoutPageGeneratingFilter@16eb93af, org.springframework.security.web.authentication.www.BasicAuthenticationFilter@28b4b10e, org.springframework.security.web.savedrequest.RequestCacheAwareFilter@496e0f9d, org.springframework.security.web.servletapi.SecurityContextHolderAwareRequestFilter@6b468710, org.springframework.security.web.authentication.AnonymousAuthenticationFilter@404566e7, org.springframework.security.web.session.SessionManagementFilter@5dc7881d, org.springframework.security.web.access.ExceptionTranslationFilter@2af31aba, org.springframework.security.web.access.intercept.FilterSecurityInterceptor@2c7aba7c]
11:32:07.758 INFO  [main][Http11NioProtocol.log(DirectJDKLog.java:173)] Starting ProtocolHandler ["http-nio-8081"]
11:32:07.854 INFO  [main][TomcatWebServer.start(TomcatWebServer.java:220)] Tomcat started on port(s): 8081 (http) with context path ''
11:32:07.871 INFO  [main][AttendanceApplication.logStarted(StartupInfoLogger.java:61)] Started AttendanceApplication in 11.717 seconds (JVM running for 12.996)
11:36:30.934 INFO  [http-nio-8081-exec-1][[/].log(DirectJDKLog.java:173)] Initializing Spring DispatcherServlet 'dispatcherServlet'
11:36:30.966 INFO  [http-nio-8081-exec-1][DispatcherServlet.initServletBean(FrameworkServlet.java:525)] Initializing Servlet 'dispatcherServlet'
11:36:31.088 INFO  [http-nio-8081-exec-1][DispatcherServlet.initServletBean(FrameworkServlet.java:547)] Completed initialization in 120 ms
11:36:31.777 WARN  [http-nio-8081-exec-1][SessionIdGeneratorBase.log(DirectJDKLog.java:173)] Creation of SecureRandom instance for session ID generation using [SHA1PRNG] took [457] milliseconds.
11:38:53.318 INFO  [main][AttendanceApplication.logStarting(StartupInfoLogger.java:55)] Starting AttendanceApplication using Java 17.0.2 on DESKTOP-DG5SNN9 with PID 13232 (D:\產業尖兵\Java_project\attendance\bin\main started by TOM HSIEH in D:\產業尖兵\Java_project\attendance)
11:38:53.335 INFO  [main][AttendanceApplication.logStartupProfileInfo(SpringApplication.java:632)] No active profile set, falling back to 1 default profile: "default"
11:38:55.669 INFO  [main][RepositoryConfigurationDelegate.registerRepositoriesIn(RepositoryConfigurationDelegate.java:132)] Bootstrapping Spring Data JPA repositories in DEFAULT mode.
11:38:55.909 INFO  [main][RepositoryConfigurationDelegate.registerRepositoriesIn(RepositoryConfigurationDelegate.java:201)] Finished Spring Data repository scanning in 215 ms. Found 7 JPA repository interfaces.
11:38:57.609 INFO  [main][TomcatWebServer.initialize(TomcatWebServer.java:108)] Tomcat initialized with port(s): 8081 (http)
11:38:57.628 INFO  [main][Http11NioProtocol.log(DirectJDKLog.java:173)] Initializing ProtocolHandler ["http-nio-8081"]
11:38:57.633 INFO  [main][StandardService.log(DirectJDKLog.java:173)] Starting service [Tomcat]
11:38:57.634 INFO  [main][StandardEngine.log(DirectJDKLog.java:173)] Starting Servlet engine: [Apache Tomcat/9.0.82]
11:38:58.032 INFO  [main][[/].log(DirectJDKLog.java:173)] Initializing Spring embedded WebApplicationContext
11:38:58.032 INFO  [main][ServletWebServerApplicationContext.prepareWebApplicationContext(ServletWebServerApplicationContext.java:292)] Root WebApplicationContext: initialization completed in 4472 ms
11:38:58.616 INFO  [main][HikariDataSource.getConnection(HikariDataSource.java:110)] HikariPool-1 - Starting...
11:38:59.359 INFO  [main][HikariDataSource.getConnection(HikariDataSource.java:123)] HikariPool-1 - Start completed.
11:38:59.528 INFO  [main][LogHelper.logPersistenceUnitInformation(LogHelper.java:31)] HHH000204: Processing PersistenceUnitInfo [name: default]
11:38:59.807 INFO  [main][Version.logVersion(Version.java:44)] HHH000412: Hibernate ORM core version 5.6.15.Final
11:39:00.328 INFO  [main][Version.<clinit>(JavaReflectionManager.java:56)] HCANN000001: Hibernate Commons Annotations {5.1.2.Final}
11:39:00.717 INFO  [main][Dialect.<init>(Dialect.java:175)] HHH000400: Using dialect: org.hibernate.dialect.MySQL8Dialect
11:39:02.277 INFO  [main][JtaPlatformInitiator.initiateService(JtaPlatformInitiator.java:52)] HHH000490: Using JtaPlatform implementation: [org.hibernate.engine.transaction.jta.platform.internal.NoJtaPlatform]
11:39:02.307 INFO  [main][LocalContainerEntityManagerFactoryBean.buildNativeEntityManagerFactory(AbstractEntityManagerFactoryBean.java:437)] Initialized JPA EntityManagerFactory for persistence unit 'default'
11:39:03.826 WARN  [main][JpaBaseConfiguration$JpaWebConfiguration.openEntityManagerInViewInterceptor(JpaBaseConfiguration.java:223)] spring.jpa.open-in-view is enabled by default. Therefore, database queries may be performed during view rendering. Explicitly configure spring.jpa.open-in-view to disable this warning
11:39:04.785 WARN  [main][UserDetailsServiceAutoConfiguration.getOrDeducePassword(UserDetailsServiceAutoConfiguration.java:89)] 

Using generated security password: 90985e8d-b78e-4978-bc5c-919d31a5fbd8

This generated password is for development use only. Your security configuration must be updated before running your application in production.

11:39:05.102 INFO  [main][DefaultSecurityFilterChain.<init>(DefaultSecurityFilterChain.java:55)] Will secure any request with [org.springframework.security.web.session.DisableEncodeUrlFilter@3ecbfba1, org.springframework.security.web.context.request.async.WebAsyncManagerIntegrationFilter@739be7ec, org.springframework.security.web.context.SecurityContextPersistenceFilter@12051d38, org.springframework.security.web.header.HeaderWriterFilter@3f5e64c9, org.springframework.security.web.csrf.CsrfFilter@3220833f, org.springframework.security.web.authentication.logout.LogoutFilter@63c163e1, org.springframework.security.web.authentication.UsernamePasswordAuthenticationFilter@34cb1310, org.springframework.security.web.authentication.ui.DefaultLoginPageGeneratingFilter@3d195d15, org.springframework.security.web.authentication.ui.DefaultLogoutPageGeneratingFilter@1df2e767, org.springframework.security.web.authentication.www.BasicAuthenticationFilter@1a99692, org.springframework.security.web.savedrequest.RequestCacheAwareFilter@67730dab, org.springframework.security.web.servletapi.SecurityContextHolderAwareRequestFilter@466cca41, org.springframework.security.web.authentication.AnonymousAuthenticationFilter@4d0d568f, org.springframework.security.web.session.SessionManagementFilter@3d00e981, org.springframework.security.web.access.ExceptionTranslationFilter@402c415e, org.springframework.security.web.access.intercept.FilterSecurityInterceptor@4d071e4b]
11:39:05.197 INFO  [main][Http11NioProtocol.log(DirectJDKLog.java:173)] Starting ProtocolHandler ["http-nio-8081"]
11:39:05.281 INFO  [main][TomcatWebServer.start(TomcatWebServer.java:220)] Tomcat started on port(s): 8081 (http) with context path ''
11:39:05.301 INFO  [main][AttendanceApplication.logStarted(StartupInfoLogger.java:61)] Started AttendanceApplication in 12.889 seconds (JVM running for 14.193)
11:39:13.180 INFO  [http-nio-8081-exec-1][[/].log(DirectJDKLog.java:173)] Initializing Spring DispatcherServlet 'dispatcherServlet'
11:39:13.184 INFO  [http-nio-8081-exec-1][DispatcherServlet.initServletBean(FrameworkServlet.java:525)] Initializing Servlet 'dispatcherServlet'
11:39:13.195 INFO  [http-nio-8081-exec-1][DispatcherServlet.initServletBean(FrameworkServlet.java:547)] Completed initialization in 10 ms
11:40:50.126 INFO  [main][AttendanceApplication.logStarting(StartupInfoLogger.java:55)] Starting AttendanceApplication using Java 17.0.2 on DESKTOP-DG5SNN9 with PID 18452 (D:\產業尖兵\Java_project\attendance\bin\main started by TOM HSIEH in D:\產業尖兵\Java_project\attendance)
11:40:50.144 INFO  [main][AttendanceApplication.logStartupProfileInfo(SpringApplication.java:632)] No active profile set, falling back to 1 default profile: "default"
11:40:52.294 INFO  [main][RepositoryConfigurationDelegate.registerRepositoriesIn(RepositoryConfigurationDelegate.java:132)] Bootstrapping Spring Data JPA repositories in DEFAULT mode.
11:40:52.509 INFO  [main][RepositoryConfigurationDelegate.registerRepositoriesIn(RepositoryConfigurationDelegate.java:201)] Finished Spring Data repository scanning in 183 ms. Found 7 JPA repository interfaces.
11:40:54.460 INFO  [main][TomcatWebServer.initialize(TomcatWebServer.java:108)] Tomcat initialized with port(s): 8081 (http)
11:40:54.476 INFO  [main][Http11NioProtocol.log(DirectJDKLog.java:173)] Initializing ProtocolHandler ["http-nio-8081"]
11:40:54.480 INFO  [main][StandardService.log(DirectJDKLog.java:173)] Starting service [Tomcat]
11:40:54.481 INFO  [main][StandardEngine.log(DirectJDKLog.java:173)] Starting Servlet engine: [Apache Tomcat/9.0.82]
11:40:54.910 INFO  [main][[/].log(DirectJDKLog.java:173)] Initializing Spring embedded WebApplicationContext
11:40:54.915 INFO  [main][ServletWebServerApplicationContext.prepareWebApplicationContext(ServletWebServerApplicationContext.java:292)] Root WebApplicationContext: initialization completed in 4566 ms
11:40:55.436 INFO  [main][HikariDataSource.getConnection(HikariDataSource.java:110)] HikariPool-1 - Starting...
11:40:55.962 INFO  [main][HikariDataSource.getConnection(HikariDataSource.java:123)] HikariPool-1 - Start completed.
11:40:56.111 INFO  [main][LogHelper.logPersistenceUnitInformation(LogHelper.java:31)] HHH000204: Processing PersistenceUnitInfo [name: default]
11:40:56.391 INFO  [main][Version.logVersion(Version.java:44)] HHH000412: Hibernate ORM core version 5.6.15.Final
11:40:56.891 INFO  [main][Version.<clinit>(JavaReflectionManager.java:56)] HCANN000001: Hibernate Commons Annotations {5.1.2.Final}
11:40:57.289 INFO  [main][Dialect.<init>(Dialect.java:175)] HHH000400: Using dialect: org.hibernate.dialect.MySQL8Dialect
11:40:58.859 INFO  [main][JtaPlatformInitiator.initiateService(JtaPlatformInitiator.java:52)] HHH000490: Using JtaPlatform implementation: [org.hibernate.engine.transaction.jta.platform.internal.NoJtaPlatform]
11:40:58.894 INFO  [main][LocalContainerEntityManagerFactoryBean.buildNativeEntityManagerFactory(AbstractEntityManagerFactoryBean.java:437)] Initialized JPA EntityManagerFactory for persistence unit 'default'
11:41:00.525 WARN  [main][JpaBaseConfiguration$JpaWebConfiguration.openEntityManagerInViewInterceptor(JpaBaseConfiguration.java:223)] spring.jpa.open-in-view is enabled by default. Therefore, database queries may be performed during view rendering. Explicitly configure spring.jpa.open-in-view to disable this warning
11:41:01.438 WARN  [main][UserDetailsServiceAutoConfiguration.getOrDeducePassword(UserDetailsServiceAutoConfiguration.java:89)] 

Using generated security password: 86bdd742-b58f-4c42-aa47-94eda45a17fc

This generated password is for development use only. Your security configuration must be updated before running your application in production.

11:41:01.787 INFO  [main][DefaultSecurityFilterChain.<init>(DefaultSecurityFilterChain.java:55)] Will secure any request with [org.springframework.security.web.session.DisableEncodeUrlFilter@739be7ec, org.springframework.security.web.context.request.async.WebAsyncManagerIntegrationFilter@1df2e767, org.springframework.security.web.context.SecurityContextPersistenceFilter@28f3a218, org.springframework.security.web.header.HeaderWriterFilter@1f847d9e, org.springframework.security.web.csrf.CsrfFilter@2e5c245d, org.springframework.security.web.authentication.logout.LogoutFilter@3da55998, org.springframework.security.web.authentication.UsernamePasswordAuthenticationFilter@2b5a04b0, org.springframework.security.web.authentication.ui.DefaultLoginPageGeneratingFilter@17b387ef, org.springframework.security.web.authentication.ui.DefaultLogoutPageGeneratingFilter@4d0d568f, org.springframework.security.web.authentication.www.BasicAuthenticationFilter@2a0881f1, org.springframework.security.web.savedrequest.RequestCacheAwareFilter@466cca41, org.springframework.security.web.servletapi.SecurityContextHolderAwareRequestFilter@7c3ae369, org.springframework.security.web.authentication.AnonymousAuthenticationFilter@2c7aba7c, org.springframework.security.web.session.SessionManagementFilter@6265a548, org.springframework.security.web.access.ExceptionTranslationFilter@4e322108, org.springframework.security.web.access.intercept.FilterSecurityInterceptor@2b441609]
11:41:01.860 INFO  [main][Http11NioProtocol.log(DirectJDKLog.java:173)] Starting ProtocolHandler ["http-nio-8081"]
11:41:01.936 INFO  [main][TomcatWebServer.start(TomcatWebServer.java:220)] Tomcat started on port(s): 8081 (http) with context path ''
11:41:01.980 INFO  [main][AttendanceApplication.logStarted(StartupInfoLogger.java:61)] Started AttendanceApplication in 12.688 seconds (JVM running for 13.937)
11:41:13.069 INFO  [http-nio-8081-exec-1][[/].log(DirectJDKLog.java:173)] Initializing Spring DispatcherServlet 'dispatcherServlet'
11:41:13.071 INFO  [http-nio-8081-exec-1][DispatcherServlet.initServletBean(FrameworkServlet.java:525)] Initializing Servlet 'dispatcherServlet'
11:41:13.079 INFO  [http-nio-8081-exec-1][DispatcherServlet.initServletBean(FrameworkServlet.java:547)] Completed initialization in 8 ms
11:50:42.744 INFO  [main][AttendanceApplication.logStarting(StartupInfoLogger.java:55)] Starting AttendanceApplication using Java 17.0.2 on DESKTOP-DG5SNN9 with PID 13768 (D:\產業尖兵\Java_project\attendance\bin\main started by TOM HSIEH in D:\產業尖兵\Java_project\attendance)
11:50:42.794 INFO  [main][AttendanceApplication.logStartupProfileInfo(SpringApplication.java:632)] No active profile set, falling back to 1 default profile: "default"
11:50:44.691 INFO  [main][RepositoryConfigurationDelegate.registerRepositoriesIn(RepositoryConfigurationDelegate.java:132)] Bootstrapping Spring Data JPA repositories in DEFAULT mode.
11:50:44.953 INFO  [main][RepositoryConfigurationDelegate.registerRepositoriesIn(RepositoryConfigurationDelegate.java:201)] Finished Spring Data repository scanning in 233 ms. Found 7 JPA repository interfaces.
11:50:46.646 INFO  [main][TomcatWebServer.initialize(TomcatWebServer.java:108)] Tomcat initialized with port(s): 8081 (http)
11:50:46.665 INFO  [main][Http11NioProtocol.log(DirectJDKLog.java:173)] Initializing ProtocolHandler ["http-nio-8081"]
11:50:46.670 INFO  [main][StandardService.log(DirectJDKLog.java:173)] Starting service [Tomcat]
11:50:46.671 INFO  [main][StandardEngine.log(DirectJDKLog.java:173)] Starting Servlet engine: [Apache Tomcat/9.0.82]
11:50:47.084 INFO  [main][[/].log(DirectJDKLog.java:173)] Initializing Spring embedded WebApplicationContext
11:50:47.088 INFO  [main][ServletWebServerApplicationContext.prepareWebApplicationContext(ServletWebServerApplicationContext.java:292)] Root WebApplicationContext: initialization completed in 4091 ms
11:50:47.571 INFO  [main][HikariDataSource.getConnection(HikariDataSource.java:110)] HikariPool-1 - Starting...
11:50:48.167 INFO  [main][HikariDataSource.getConnection(HikariDataSource.java:123)] HikariPool-1 - Start completed.
11:50:48.325 INFO  [main][LogHelper.logPersistenceUnitInformation(LogHelper.java:31)] HHH000204: Processing PersistenceUnitInfo [name: default]
11:50:48.606 INFO  [main][Version.logVersion(Version.java:44)] HHH000412: Hibernate ORM core version 5.6.15.Final
11:50:49.095 INFO  [main][Version.<clinit>(JavaReflectionManager.java:56)] HCANN000001: Hibernate Commons Annotations {5.1.2.Final}
11:50:49.456 INFO  [main][Dialect.<init>(Dialect.java:175)] HHH000400: Using dialect: org.hibernate.dialect.MySQL8Dialect
11:50:51.075 INFO  [main][JtaPlatformInitiator.initiateService(JtaPlatformInitiator.java:52)] HHH000490: Using JtaPlatform implementation: [org.hibernate.engine.transaction.jta.platform.internal.NoJtaPlatform]
11:50:51.106 INFO  [main][LocalContainerEntityManagerFactoryBean.buildNativeEntityManagerFactory(AbstractEntityManagerFactoryBean.java:437)] Initialized JPA EntityManagerFactory for persistence unit 'default'
11:50:52.710 WARN  [main][JpaBaseConfiguration$JpaWebConfiguration.openEntityManagerInViewInterceptor(JpaBaseConfiguration.java:223)] spring.jpa.open-in-view is enabled by default. Therefore, database queries may be performed during view rendering. Explicitly configure spring.jpa.open-in-view to disable this warning
11:50:53.691 WARN  [main][UserDetailsServiceAutoConfiguration.getOrDeducePassword(UserDetailsServiceAutoConfiguration.java:89)] 

Using generated security password: d36a87b1-adcf-47a8-9268-edde7b907c1a

This generated password is for development use only. Your security configuration must be updated before running your application in production.

11:50:54.044 INFO  [main][DefaultSecurityFilterChain.<init>(DefaultSecurityFilterChain.java:55)] Will secure any request with [org.springframework.security.web.session.DisableEncodeUrlFilter@2c7aba7c, org.springframework.security.web.context.request.async.WebAsyncManagerIntegrationFilter@729c98, org.springframework.security.web.context.SecurityContextPersistenceFilter@7c3ae369, org.springframework.security.web.header.HeaderWriterFilter@2e51ede1, org.springframework.security.web.csrf.CsrfFilter@524c3e54, org.springframework.security.web.authentication.logout.LogoutFilter@33197c2f, org.springframework.security.web.authentication.UsernamePasswordAuthenticationFilter@37c762aa, org.springframework.security.web.authentication.ui.DefaultLoginPageGeneratingFilter@37aea657, org.springframework.security.web.authentication.ui.DefaultLogoutPageGeneratingFilter@a319a2e, org.springframework.security.web.authentication.www.BasicAuthenticationFilter@739be7ec, org.springframework.security.web.savedrequest.RequestCacheAwareFilter@360d3f47, org.springframework.security.web.servletapi.SecurityContextHolderAwareRequestFilter@1693d505, org.springframework.security.web.authentication.AnonymousAuthenticationFilter@2daf0cc9, org.springframework.security.web.session.SessionManagementFilter@28f3a218, org.springframework.security.web.access.ExceptionTranslationFilter@3d00e981, org.springframework.security.web.access.intercept.FilterSecurityInterceptor@3fb4beb1]
11:50:54.148 INFO  [main][Http11NioProtocol.log(DirectJDKLog.java:173)] Starting ProtocolHandler ["http-nio-8081"]
11:50:54.241 INFO  [main][TomcatWebServer.start(TomcatWebServer.java:220)] Tomcat started on port(s): 8081 (http) with context path ''
11:50:54.268 INFO  [main][AttendanceApplication.logStarted(StartupInfoLogger.java:61)] Started AttendanceApplication in 12.345 seconds (JVM running for 13.725)
11:51:34.141 INFO  [http-nio-8081-exec-1][[/].log(DirectJDKLog.java:173)] Initializing Spring DispatcherServlet 'dispatcherServlet'
11:51:34.142 INFO  [http-nio-8081-exec-1][DispatcherServlet.initServletBean(FrameworkServlet.java:525)] Initializing Servlet 'dispatcherServlet'
11:51:34.152 INFO  [http-nio-8081-exec-1][DispatcherServlet.initServletBean(FrameworkServlet.java:547)] Completed initialization in 9 ms
11:53:44.410 INFO  [main][AttendanceApplication.logStarting(StartupInfoLogger.java:55)] Starting AttendanceApplication using Java 17.0.2 on DESKTOP-DG5SNN9 with PID 18308 (D:\產業尖兵\Java_project\attendance\bin\main started by TOM HSIEH in D:\產業尖兵\Java_project\attendance)
11:53:44.432 INFO  [main][AttendanceApplication.logStartupProfileInfo(SpringApplication.java:632)] No active profile set, falling back to 1 default profile: "default"
11:53:46.049 INFO  [main][RepositoryConfigurationDelegate.registerRepositoriesIn(RepositoryConfigurationDelegate.java:132)] Bootstrapping Spring Data JPA repositories in DEFAULT mode.
11:53:46.279 INFO  [main][RepositoryConfigurationDelegate.registerRepositoriesIn(RepositoryConfigurationDelegate.java:201)] Finished Spring Data repository scanning in 204 ms. Found 7 JPA repository interfaces.
11:53:47.723 INFO  [main][TomcatWebServer.initialize(TomcatWebServer.java:108)] Tomcat initialized with port(s): 8081 (http)
11:53:47.758 INFO  [main][Http11NioProtocol.log(DirectJDKLog.java:173)] Initializing ProtocolHandler ["http-nio-8081"]
11:53:47.768 INFO  [main][StandardService.log(DirectJDKLog.java:173)] Starting service [Tomcat]
11:53:47.769 INFO  [main][StandardEngine.log(DirectJDKLog.java:173)] Starting Servlet engine: [Apache Tomcat/9.0.82]
11:53:48.044 INFO  [main][[/].log(DirectJDKLog.java:173)] Initializing Spring embedded WebApplicationContext
11:53:48.048 INFO  [main][ServletWebServerApplicationContext.prepareWebApplicationContext(ServletWebServerApplicationContext.java:292)] Root WebApplicationContext: initialization completed in 3468 ms
11:53:48.502 INFO  [main][HikariDataSource.getConnection(HikariDataSource.java:110)] HikariPool-1 - Starting...
11:53:48.826 INFO  [main][HikariDataSource.getConnection(HikariDataSource.java:123)] HikariPool-1 - Start completed.
11:53:48.939 INFO  [main][LogHelper.logPersistenceUnitInformation(LogHelper.java:31)] HHH000204: Processing PersistenceUnitInfo [name: default]
11:53:49.107 INFO  [main][Version.logVersion(Version.java:44)] HHH000412: Hibernate ORM core version 5.6.15.Final
11:53:49.432 INFO  [main][Version.<clinit>(JavaReflectionManager.java:56)] HCANN000001: Hibernate Commons Annotations {5.1.2.Final}
11:53:49.790 INFO  [main][Dialect.<init>(Dialect.java:175)] HHH000400: Using dialect: org.hibernate.dialect.MySQL8Dialect
11:53:51.042 INFO  [main][JtaPlatformInitiator.initiateService(JtaPlatformInitiator.java:52)] HHH000490: Using JtaPlatform implementation: [org.hibernate.engine.transaction.jta.platform.internal.NoJtaPlatform]
11:53:51.073 INFO  [main][LocalContainerEntityManagerFactoryBean.buildNativeEntityManagerFactory(AbstractEntityManagerFactoryBean.java:437)] Initialized JPA EntityManagerFactory for persistence unit 'default'
11:53:52.242 WARN  [main][JpaBaseConfiguration$JpaWebConfiguration.openEntityManagerInViewInterceptor(JpaBaseConfiguration.java:223)] spring.jpa.open-in-view is enabled by default. Therefore, database queries may be performed during view rendering. Explicitly configure spring.jpa.open-in-view to disable this warning
11:53:52.958 WARN  [main][UserDetailsServiceAutoConfiguration.getOrDeducePassword(UserDetailsServiceAutoConfiguration.java:89)] 

Using generated security password: e576c95e-254d-4a68-9709-f59d9c069734

This generated password is for development use only. Your security configuration must be updated before running your application in production.

11:53:53.228 INFO  [main][DefaultSecurityFilterChain.<init>(DefaultSecurityFilterChain.java:55)] Will secure any request with [org.springframework.security.web.session.DisableEncodeUrlFilter@13087c75, org.springframework.security.web.context.request.async.WebAsyncManagerIntegrationFilter@da4c5cb, org.springframework.security.web.context.SecurityContextPersistenceFilter@402c415e, org.springframework.security.web.header.HeaderWriterFilter@1f229c40, org.springframework.security.web.csrf.CsrfFilter@2eb9c7ad, org.springframework.security.web.authentication.logout.LogoutFilter@5dc7881d, org.springframework.security.web.authentication.UsernamePasswordAuthenticationFilter@694c0ed1, org.springframework.security.web.authentication.ui.DefaultLoginPageGeneratingFilter@28f3a218, org.springframework.security.web.authentication.ui.DefaultLogoutPageGeneratingFilter@1fa24e7, org.springframework.security.web.authentication.www.BasicAuthenticationFilter@5b78a946, org.springframework.security.web.savedrequest.RequestCacheAwareFilter@3f5e64c9, org.springframework.security.web.servletapi.SecurityContextHolderAwareRequestFilter@1f847d9e, org.springframework.security.web.authentication.AnonymousAuthenticationFilter@5192b301, org.springframework.security.web.session.SessionManagementFilter@391b03b, org.springframework.security.web.access.ExceptionTranslationFilter@451cef67, org.springframework.security.web.access.intercept.FilterSecurityInterceptor@6258f9d1]
11:53:53.291 INFO  [main][Http11NioProtocol.log(DirectJDKLog.java:173)] Starting ProtocolHandler ["http-nio-8081"]
11:53:53.374 INFO  [main][TomcatWebServer.start(TomcatWebServer.java:220)] Tomcat started on port(s): 8081 (http) with context path ''
11:53:53.393 INFO  [main][AttendanceApplication.logStarted(StartupInfoLogger.java:61)] Started AttendanceApplication in 9.773 seconds (JVM running for 11.166)
11:54:03.022 INFO  [http-nio-8081-exec-1][[/].log(DirectJDKLog.java:173)] Initializing Spring DispatcherServlet 'dispatcherServlet'
11:54:03.024 INFO  [http-nio-8081-exec-1][DispatcherServlet.initServletBean(FrameworkServlet.java:525)] Initializing Servlet 'dispatcherServlet'
11:54:03.028 INFO  [http-nio-8081-exec-1][DispatcherServlet.initServletBean(FrameworkServlet.java:547)] Completed initialization in 4 ms
11:56:10.217 INFO  [main][AttendanceApplication.logStarting(StartupInfoLogger.java:55)] Starting AttendanceApplication using Java 17.0.2 on DESKTOP-DG5SNN9 with PID 16356 (D:\產業尖兵\Java_project\attendance\bin\main started by TOM HSIEH in D:\產業尖兵\Java_project\attendance)
11:56:10.236 INFO  [main][AttendanceApplication.logStartupProfileInfo(SpringApplication.java:632)] No active profile set, falling back to 1 default profile: "default"
11:56:12.204 INFO  [main][RepositoryConfigurationDelegate.registerRepositoriesIn(RepositoryConfigurationDelegate.java:132)] Bootstrapping Spring Data JPA repositories in DEFAULT mode.
11:56:12.467 INFO  [main][RepositoryConfigurationDelegate.registerRepositoriesIn(RepositoryConfigurationDelegate.java:201)] Finished Spring Data repository scanning in 237 ms. Found 7 JPA repository interfaces.
11:56:14.150 INFO  [main][TomcatWebServer.initialize(TomcatWebServer.java:108)] Tomcat initialized with port(s): 8081 (http)
11:56:14.185 INFO  [main][Http11NioProtocol.log(DirectJDKLog.java:173)] Initializing ProtocolHandler ["http-nio-8081"]
11:56:14.195 INFO  [main][StandardService.log(DirectJDKLog.java:173)] Starting service [Tomcat]
11:56:14.195 INFO  [main][StandardEngine.log(DirectJDKLog.java:173)] Starting Servlet engine: [Apache Tomcat/9.0.82]
11:56:14.551 INFO  [main][[/].log(DirectJDKLog.java:173)] Initializing Spring embedded WebApplicationContext
11:56:14.555 INFO  [main][ServletWebServerApplicationContext.prepareWebApplicationContext(ServletWebServerApplicationContext.java:292)] Root WebApplicationContext: initialization completed in 4005 ms
11:56:15.063 INFO  [main][HikariDataSource.getConnection(HikariDataSource.java:110)] HikariPool-1 - Starting...
11:56:15.481 INFO  [main][HikariDataSource.getConnection(HikariDataSource.java:123)] HikariPool-1 - Start completed.
11:56:15.617 INFO  [main][LogHelper.logPersistenceUnitInformation(LogHelper.java:31)] HHH000204: Processing PersistenceUnitInfo [name: default]
11:56:15.850 INFO  [main][Version.logVersion(Version.java:44)] HHH000412: Hibernate ORM core version 5.6.15.Final
11:56:16.300 INFO  [main][Version.<clinit>(JavaReflectionManager.java:56)] HCANN000001: Hibernate Commons Annotations {5.1.2.Final}
11:56:16.664 INFO  [main][Dialect.<init>(Dialect.java:175)] HHH000400: Using dialect: org.hibernate.dialect.MySQL8Dialect
11:56:18.208 INFO  [main][JtaPlatformInitiator.initiateService(JtaPlatformInitiator.java:52)] HHH000490: Using JtaPlatform implementation: [org.hibernate.engine.transaction.jta.platform.internal.NoJtaPlatform]
11:56:18.233 INFO  [main][LocalContainerEntityManagerFactoryBean.buildNativeEntityManagerFactory(AbstractEntityManagerFactoryBean.java:437)] Initialized JPA EntityManagerFactory for persistence unit 'default'
11:56:19.798 WARN  [main][JpaBaseConfiguration$JpaWebConfiguration.openEntityManagerInViewInterceptor(JpaBaseConfiguration.java:223)] spring.jpa.open-in-view is enabled by default. Therefore, database queries may be performed during view rendering. Explicitly configure spring.jpa.open-in-view to disable this warning
11:56:20.645 WARN  [main][UserDetailsServiceAutoConfiguration.getOrDeducePassword(UserDetailsServiceAutoConfiguration.java:89)] 

Using generated security password: 3ccc424f-9deb-4d44-857f-b2dbe1b7920d

This generated password is for development use only. Your security configuration must be updated before running your application in production.

11:56:20.908 INFO  [main][DefaultSecurityFilterChain.<init>(DefaultSecurityFilterChain.java:55)] Will secure any request with [org.springframework.security.web.session.DisableEncodeUrlFilter@20706e70, org.springframework.security.web.context.request.async.WebAsyncManagerIntegrationFilter@6e5fba90, org.springframework.security.web.context.SecurityContextPersistenceFilter@4fc8163, org.springframework.security.web.header.HeaderWriterFilter@1f24e33d, org.springframework.security.web.csrf.CsrfFilter@57fae911, org.springframework.security.web.authentication.logout.LogoutFilter@10f60e36, org.springframework.security.web.authentication.UsernamePasswordAuthenticationFilter@7940b729, org.springframework.security.web.authentication.ui.DefaultLoginPageGeneratingFilter@4626f584, org.springframework.security.web.authentication.ui.DefaultLogoutPageGeneratingFilter@57283fac, org.springframework.security.web.authentication.www.BasicAuthenticationFilter@10abd94f, org.springframework.security.web.savedrequest.RequestCacheAwareFilter@62f73b0c, org.springframework.security.web.servletapi.SecurityContextHolderAwareRequestFilter@7dd2a5f7, org.springframework.security.web.authentication.AnonymousAuthenticationFilter@4d745ac6, org.springframework.security.web.session.SessionManagementFilter@7683d632, org.springframework.security.web.access.ExceptionTranslationFilter@23f539df, org.springframework.security.web.access.intercept.FilterSecurityInterceptor@63c88994]
11:56:20.993 INFO  [main][Http11NioProtocol.log(DirectJDKLog.java:173)] Starting ProtocolHandler ["http-nio-8081"]
11:56:21.054 INFO  [main][TomcatWebServer.start(TomcatWebServer.java:220)] Tomcat started on port(s): 8081 (http) with context path ''
11:56:21.085 INFO  [main][AttendanceApplication.logStarted(StartupInfoLogger.java:61)] Started AttendanceApplication in 11.81 seconds (JVM running for 13.171)
11:56:28.035 INFO  [http-nio-8081-exec-1][[/].log(DirectJDKLog.java:173)] Initializing Spring DispatcherServlet 'dispatcherServlet'
11:56:28.036 INFO  [http-nio-8081-exec-1][DispatcherServlet.initServletBean(FrameworkServlet.java:525)] Initializing Servlet 'dispatcherServlet'
11:56:28.043 INFO  [http-nio-8081-exec-1][DispatcherServlet.initServletBean(FrameworkServlet.java:547)] Completed initialization in 7 ms
11:59:21.393 INFO  [main][AttendanceApplication.logStarting(StartupInfoLogger.java:55)] Starting AttendanceApplication using Java 17.0.2 on DESKTOP-DG5SNN9 with PID 19164 (D:\產業尖兵\Java_project\attendance\bin\main started by TOM HSIEH in D:\產業尖兵\Java_project\attendance)
11:59:21.444 INFO  [main][AttendanceApplication.logStartupProfileInfo(SpringApplication.java:632)] No active profile set, falling back to 1 default profile: "default"
11:59:23.318 INFO  [main][RepositoryConfigurationDelegate.registerRepositoriesIn(RepositoryConfigurationDelegate.java:132)] Bootstrapping Spring Data JPA repositories in DEFAULT mode.
11:59:23.569 INFO  [main][RepositoryConfigurationDelegate.registerRepositoriesIn(RepositoryConfigurationDelegate.java:201)] Finished Spring Data repository scanning in 224 ms. Found 7 JPA repository interfaces.
11:59:25.206 INFO  [main][TomcatWebServer.initialize(TomcatWebServer.java:108)] Tomcat initialized with port(s): 8081 (http)
11:59:25.227 INFO  [main][Http11NioProtocol.log(DirectJDKLog.java:173)] Initializing ProtocolHandler ["http-nio-8081"]
11:59:25.232 INFO  [main][StandardService.log(DirectJDKLog.java:173)] Starting service [Tomcat]
11:59:25.233 INFO  [main][StandardEngine.log(DirectJDKLog.java:173)] Starting Servlet engine: [Apache Tomcat/9.0.82]
11:59:25.545 INFO  [main][[/].log(DirectJDKLog.java:173)] Initializing Spring embedded WebApplicationContext
11:59:25.549 INFO  [main][ServletWebServerApplicationContext.prepareWebApplicationContext(ServletWebServerApplicationContext.java:292)] Root WebApplicationContext: initialization completed in 3882 ms
11:59:26.049 INFO  [main][HikariDataSource.getConnection(HikariDataSource.java:110)] HikariPool-1 - Starting...
11:59:26.832 INFO  [main][HikariDataSource.getConnection(HikariDataSource.java:123)] HikariPool-1 - Start completed.
11:59:26.992 INFO  [main][LogHelper.logPersistenceUnitInformation(LogHelper.java:31)] HHH000204: Processing PersistenceUnitInfo [name: default]
11:59:27.242 INFO  [main][Version.logVersion(Version.java:44)] HHH000412: Hibernate ORM core version 5.6.15.Final
11:59:27.807 INFO  [main][Version.<clinit>(JavaReflectionManager.java:56)] HCANN000001: Hibernate Commons Annotations {5.1.2.Final}
11:59:28.246 INFO  [main][Dialect.<init>(Dialect.java:175)] HHH000400: Using dialect: org.hibernate.dialect.MySQL8Dialect
11:59:29.786 INFO  [main][JtaPlatformInitiator.initiateService(JtaPlatformInitiator.java:52)] HHH000490: Using JtaPlatform implementation: [org.hibernate.engine.transaction.jta.platform.internal.NoJtaPlatform]
11:59:29.815 INFO  [main][LocalContainerEntityManagerFactoryBean.buildNativeEntityManagerFactory(AbstractEntityManagerFactoryBean.java:437)] Initialized JPA EntityManagerFactory for persistence unit 'default'
11:59:31.303 WARN  [main][JpaBaseConfiguration$JpaWebConfiguration.openEntityManagerInViewInterceptor(JpaBaseConfiguration.java:223)] spring.jpa.open-in-view is enabled by default. Therefore, database queries may be performed during view rendering. Explicitly configure spring.jpa.open-in-view to disable this warning
11:59:32.202 WARN  [main][UserDetailsServiceAutoConfiguration.getOrDeducePassword(UserDetailsServiceAutoConfiguration.java:89)] 

Using generated security password: a7df5de9-cb86-4bc9-9196-0f759c7966b5

This generated password is for development use only. Your security configuration must be updated before running your application in production.

11:59:32.514 INFO  [main][DefaultSecurityFilterChain.<init>(DefaultSecurityFilterChain.java:55)] Will secure any request with [org.springframework.security.web.session.DisableEncodeUrlFilter@2e667e95, org.springframework.security.web.context.request.async.WebAsyncManagerIntegrationFilter@514b247b, org.springframework.security.web.context.SecurityContextPersistenceFilter@7f839ec5, org.springframework.security.web.header.HeaderWriterFilter@116efe65, org.springframework.security.web.csrf.CsrfFilter@40ebb56, org.springframework.security.web.authentication.logout.LogoutFilter@5fd5d6d1, org.springframework.security.web.authentication.UsernamePasswordAuthenticationFilter@4587f0f9, org.springframework.security.web.authentication.ui.DefaultLoginPageGeneratingFilter@4fc8163, org.springframework.security.web.authentication.ui.DefaultLogoutPageGeneratingFilter@66b62ebd, org.springframework.security.web.authentication.www.BasicAuthenticationFilter@24fb752f, org.springframework.security.web.savedrequest.RequestCacheAwareFilter@b859355, org.springframework.security.web.servletapi.SecurityContextHolderAwareRequestFilter@1f24e33d, org.springframework.security.web.authentication.AnonymousAuthenticationFilter@5440a3a, org.springframework.security.web.session.SessionManagementFilter@1239c268, org.springframework.security.web.access.ExceptionTranslationFilter@576a8b00, org.springframework.security.web.access.intercept.FilterSecurityInterceptor@3d763ae5]
11:59:32.617 INFO  [main][Http11NioProtocol.log(DirectJDKLog.java:173)] Starting ProtocolHandler ["http-nio-8081"]
11:59:32.688 INFO  [main][TomcatWebServer.start(TomcatWebServer.java:220)] Tomcat started on port(s): 8081 (http) with context path ''
11:59:32.707 INFO  [main][AttendanceApplication.logStarted(StartupInfoLogger.java:61)] Started AttendanceApplication in 12.068 seconds (JVM running for 13.327)
12:00:59.395 INFO  [http-nio-8081-exec-1][[/].log(DirectJDKLog.java:173)] Initializing Spring DispatcherServlet 'dispatcherServlet'
12:00:59.397 INFO  [http-nio-8081-exec-1][DispatcherServlet.initServletBean(FrameworkServlet.java:525)] Initializing Servlet 'dispatcherServlet'
12:00:59.404 INFO  [http-nio-8081-exec-1][DispatcherServlet.initServletBean(FrameworkServlet.java:547)] Completed initialization in 5 ms
12:04:29.427 INFO  [main][AttendanceApplication.logStarting(StartupInfoLogger.java:55)] Starting AttendanceApplication using Java 17.0.2 on DESKTOP-DG5SNN9 with PID 9220 (D:\產業尖兵\Java_project\attendance\bin\main started by TOM HSIEH in D:\產業尖兵\Java_project\attendance)
12:04:29.464 INFO  [main][AttendanceApplication.logStartupProfileInfo(SpringApplication.java:632)] No active profile set, falling back to 1 default profile: "default"
12:04:31.175 INFO  [main][RepositoryConfigurationDelegate.registerRepositoriesIn(RepositoryConfigurationDelegate.java:132)] Bootstrapping Spring Data JPA repositories in DEFAULT mode.
12:04:31.358 INFO  [main][RepositoryConfigurationDelegate.registerRepositoriesIn(RepositoryConfigurationDelegate.java:201)] Finished Spring Data repository scanning in 151 ms. Found 7 JPA repository interfaces.
12:04:33.070 INFO  [main][TomcatWebServer.initialize(TomcatWebServer.java:108)] Tomcat initialized with port(s): 8081 (http)
12:04:33.087 INFO  [main][Http11NioProtocol.log(DirectJDKLog.java:173)] Initializing ProtocolHandler ["http-nio-8081"]
12:04:33.091 INFO  [main][StandardService.log(DirectJDKLog.java:173)] Starting service [Tomcat]
12:04:33.091 INFO  [main][StandardEngine.log(DirectJDKLog.java:173)] Starting Servlet engine: [Apache Tomcat/9.0.82]
12:04:33.395 INFO  [main][[/].log(DirectJDKLog.java:173)] Initializing Spring embedded WebApplicationContext
12:04:33.428 INFO  [main][ServletWebServerApplicationContext.prepareWebApplicationContext(ServletWebServerApplicationContext.java:292)] Root WebApplicationContext: initialization completed in 3840 ms
12:04:33.927 INFO  [main][HikariDataSource.getConnection(HikariDataSource.java:110)] HikariPool-1 - Starting...
12:04:34.484 INFO  [main][HikariDataSource.getConnection(HikariDataSource.java:123)] HikariPool-1 - Start completed.
12:04:34.749 INFO  [main][LogHelper.logPersistenceUnitInformation(LogHelper.java:31)] HHH000204: Processing PersistenceUnitInfo [name: default]
12:04:34.954 INFO  [main][Version.logVersion(Version.java:44)] HHH000412: Hibernate ORM core version 5.6.15.Final
12:04:35.482 INFO  [main][Version.<clinit>(JavaReflectionManager.java:56)] HCANN000001: Hibernate Commons Annotations {5.1.2.Final}
12:04:35.862 INFO  [main][Dialect.<init>(Dialect.java:175)] HHH000400: Using dialect: org.hibernate.dialect.MySQL8Dialect
12:04:37.393 INFO  [main][JtaPlatformInitiator.initiateService(JtaPlatformInitiator.java:52)] HHH000490: Using JtaPlatform implementation: [org.hibernate.engine.transaction.jta.platform.internal.NoJtaPlatform]
12:04:37.418 INFO  [main][LocalContainerEntityManagerFactoryBean.buildNativeEntityManagerFactory(AbstractEntityManagerFactoryBean.java:437)] Initialized JPA EntityManagerFactory for persistence unit 'default'
12:04:38.932 WARN  [main][JpaBaseConfiguration$JpaWebConfiguration.openEntityManagerInViewInterceptor(JpaBaseConfiguration.java:223)] spring.jpa.open-in-view is enabled by default. Therefore, database queries may be performed during view rendering. Explicitly configure spring.jpa.open-in-view to disable this warning
12:04:39.958 WARN  [main][UserDetailsServiceAutoConfiguration.getOrDeducePassword(UserDetailsServiceAutoConfiguration.java:89)] 

Using generated security password: b35f5317-f910-48f3-9b40-d6648b6c119a

This generated password is for development use only. Your security configuration must be updated before running your application in production.

12:04:40.296 INFO  [main][DefaultSecurityFilterChain.<init>(DefaultSecurityFilterChain.java:55)] Will secure any request with [org.springframework.security.web.session.DisableEncodeUrlFilter@5440a3a, org.springframework.security.web.context.request.async.WebAsyncManagerIntegrationFilter@18cb4ed1, org.springframework.security.web.context.SecurityContextPersistenceFilter@1f24e33d, org.springframework.security.web.header.HeaderWriterFilter@4bec6682, org.springframework.security.web.csrf.CsrfFilter@24e79a4d, org.springframework.security.web.authentication.logout.LogoutFilter@78141c58, org.springframework.security.web.authentication.UsernamePasswordAuthenticationFilter@63c88994, org.springframework.security.web.authentication.ui.DefaultLoginPageGeneratingFilter@7dd2a5f7, org.springframework.security.web.authentication.ui.DefaultLogoutPageGeneratingFilter@10abd94f, org.springframework.security.web.authentication.www.BasicAuthenticationFilter@2e667e95, org.springframework.security.web.savedrequest.RequestCacheAwareFilter@7683d632, org.springframework.security.web.servletapi.SecurityContextHolderAwareRequestFilter@513bec8c, org.springframework.security.web.authentication.AnonymousAuthenticationFilter@47bfde21, org.springframework.security.web.session.SessionManagementFilter@7f839ec5, org.springframework.security.web.access.ExceptionTranslationFilter@118879d2, org.springframework.security.web.access.intercept.FilterSecurityInterceptor@3123ba75]
12:04:40.403 INFO  [main][Http11NioProtocol.log(DirectJDKLog.java:173)] Starting ProtocolHandler ["http-nio-8081"]
12:04:40.524 INFO  [main][TomcatWebServer.start(TomcatWebServer.java:220)] Tomcat started on port(s): 8081 (http) with context path ''
12:04:40.555 INFO  [main][AttendanceApplication.logStarted(StartupInfoLogger.java:61)] Started AttendanceApplication in 11.932 seconds (JVM running for 13.42)
12:04:51.116 INFO  [http-nio-8081-exec-1][[/].log(DirectJDKLog.java:173)] Initializing Spring DispatcherServlet 'dispatcherServlet'
12:04:51.117 INFO  [http-nio-8081-exec-1][DispatcherServlet.initServletBean(FrameworkServlet.java:525)] Initializing Servlet 'dispatcherServlet'
12:04:51.120 INFO  [http-nio-8081-exec-1][DispatcherServlet.initServletBean(FrameworkServlet.java:547)] Completed initialization in 3 ms
12:05:35.287 INFO  [main][AttendanceApplication.logStarting(StartupInfoLogger.java:55)] Starting AttendanceApplication using Java 17.0.2 on DESKTOP-DG5SNN9 with PID 17348 (D:\產業尖兵\Java_project\attendance\bin\main started by TOM HSIEH in D:\產業尖兵\Java_project\attendance)
12:05:35.301 INFO  [main][AttendanceApplication.logStartupProfileInfo(SpringApplication.java:632)] No active profile set, falling back to 1 default profile: "default"
12:05:37.173 INFO  [main][RepositoryConfigurationDelegate.registerRepositoriesIn(RepositoryConfigurationDelegate.java:132)] Bootstrapping Spring Data JPA repositories in DEFAULT mode.
12:05:37.415 INFO  [main][RepositoryConfigurationDelegate.registerRepositoriesIn(RepositoryConfigurationDelegate.java:201)] Finished Spring Data repository scanning in 218 ms. Found 7 JPA repository interfaces.
12:05:39.191 INFO  [main][TomcatWebServer.initialize(TomcatWebServer.java:108)] Tomcat initialized with port(s): 8081 (http)
12:05:39.219 INFO  [main][Http11NioProtocol.log(DirectJDKLog.java:173)] Initializing ProtocolHandler ["http-nio-8081"]
12:05:39.224 INFO  [main][StandardService.log(DirectJDKLog.java:173)] Starting service [Tomcat]
12:05:39.226 INFO  [main][StandardEngine.log(DirectJDKLog.java:173)] Starting Servlet engine: [Apache Tomcat/9.0.82]
12:05:39.558 INFO  [main][[/].log(DirectJDKLog.java:173)] Initializing Spring embedded WebApplicationContext
12:05:39.562 INFO  [main][ServletWebServerApplicationContext.prepareWebApplicationContext(ServletWebServerApplicationContext.java:292)] Root WebApplicationContext: initialization completed in 4109 ms
12:05:40.068 INFO  [main][HikariDataSource.getConnection(HikariDataSource.java:110)] HikariPool-1 - Starting...
12:05:40.475 INFO  [main][HikariDataSource.getConnection(HikariDataSource.java:123)] HikariPool-1 - Start completed.
12:05:40.596 INFO  [main][LogHelper.logPersistenceUnitInformation(LogHelper.java:31)] HHH000204: Processing PersistenceUnitInfo [name: default]
12:05:40.835 INFO  [main][Version.logVersion(Version.java:44)] HHH000412: Hibernate ORM core version 5.6.15.Final
12:05:41.272 INFO  [main][Version.<clinit>(JavaReflectionManager.java:56)] HCANN000001: Hibernate Commons Annotations {5.1.2.Final}
12:05:41.598 INFO  [main][Dialect.<init>(Dialect.java:175)] HHH000400: Using dialect: org.hibernate.dialect.MySQL8Dialect
12:05:43.089 INFO  [main][JtaPlatformInitiator.initiateService(JtaPlatformInitiator.java:52)] HHH000490: Using JtaPlatform implementation: [org.hibernate.engine.transaction.jta.platform.internal.NoJtaPlatform]
12:05:43.125 INFO  [main][LocalContainerEntityManagerFactoryBean.buildNativeEntityManagerFactory(AbstractEntityManagerFactoryBean.java:437)] Initialized JPA EntityManagerFactory for persistence unit 'default'
12:05:44.766 WARN  [main][JpaBaseConfiguration$JpaWebConfiguration.openEntityManagerInViewInterceptor(JpaBaseConfiguration.java:223)] spring.jpa.open-in-view is enabled by default. Therefore, database queries may be performed during view rendering. Explicitly configure spring.jpa.open-in-view to disable this warning
12:05:45.626 WARN  [main][UserDetailsServiceAutoConfiguration.getOrDeducePassword(UserDetailsServiceAutoConfiguration.java:89)] 

Using generated security password: d8bd846d-17f4-40ec-af22-4fc9b5aa68fd

This generated password is for development use only. Your security configuration must be updated before running your application in production.

12:05:45.903 INFO  [main][DefaultSecurityFilterChain.<init>(DefaultSecurityFilterChain.java:55)] Will secure any request with [org.springframework.security.web.session.DisableEncodeUrlFilter@47bfde21, org.springframework.security.web.context.request.async.WebAsyncManagerIntegrationFilter@628f0936, org.springframework.security.web.context.SecurityContextPersistenceFilter@513bec8c, org.springframework.security.web.header.HeaderWriterFilter@23f539df, org.springframework.security.web.csrf.CsrfFilter@8de4206, org.springframework.security.web.authentication.logout.LogoutFilter@7010c9e4, org.springframework.security.web.authentication.UsernamePasswordAuthenticationFilter@52b49891, org.springframework.security.web.authentication.ui.DefaultLoginPageGeneratingFilter@1d6014a7, org.springframework.security.web.authentication.ui.DefaultLogoutPageGeneratingFilter@20706e70, org.springframework.security.web.authentication.www.BasicAuthenticationFilter@5440a3a, org.springframework.security.web.savedrequest.RequestCacheAwareFilter@4fc8163, org.springframework.security.web.servletapi.SecurityContextHolderAwareRequestFilter@6c26e588, org.springframework.security.web.authentication.AnonymousAuthenticationFilter@6e5fba90, org.springframework.security.web.session.SessionManagementFilter@1f24e33d, org.springframework.security.web.access.ExceptionTranslationFilter@2d97344c, org.springframework.security.web.access.intercept.FilterSecurityInterceptor@22a22f1]
12:05:45.996 INFO  [main][Http11NioProtocol.log(DirectJDKLog.java:173)] Starting ProtocolHandler ["http-nio-8081"]
12:05:46.073 INFO  [main][TomcatWebServer.start(TomcatWebServer.java:220)] Tomcat started on port(s): 8081 (http) with context path ''
12:05:46.095 INFO  [main][AttendanceApplication.logStarted(StartupInfoLogger.java:61)] Started AttendanceApplication in 11.611 seconds (JVM running for 12.892)
12:05:50.759 INFO  [http-nio-8081-exec-1][[/].log(DirectJDKLog.java:173)] Initializing Spring DispatcherServlet 'dispatcherServlet'
12:05:50.760 INFO  [http-nio-8081-exec-1][DispatcherServlet.initServletBean(FrameworkServlet.java:525)] Initializing Servlet 'dispatcherServlet'
12:05:50.765 INFO  [http-nio-8081-exec-1][DispatcherServlet.initServletBean(FrameworkServlet.java:547)] Completed initialization in 5 ms
12:07:13.924 INFO  [main][AttendanceApplication.logStarting(StartupInfoLogger.java:55)] Starting AttendanceApplication using Java 17.0.2 on DESKTOP-DG5SNN9 with PID 3656 (D:\產業尖兵\Java_project\attendance\bin\main started by TOM HSIEH in D:\產業尖兵\Java_project\attendance)
12:07:13.959 INFO  [main][AttendanceApplication.logStartupProfileInfo(SpringApplication.java:632)] No active profile set, falling back to 1 default profile: "default"
12:07:15.891 INFO  [main][RepositoryConfigurationDelegate.registerRepositoriesIn(RepositoryConfigurationDelegate.java:132)] Bootstrapping Spring Data JPA repositories in DEFAULT mode.
12:07:16.080 INFO  [main][RepositoryConfigurationDelegate.registerRepositoriesIn(RepositoryConfigurationDelegate.java:201)] Finished Spring Data repository scanning in 157 ms. Found 7 JPA repository interfaces.
12:07:17.868 INFO  [main][TomcatWebServer.initialize(TomcatWebServer.java:108)] Tomcat initialized with port(s): 8081 (http)
12:07:17.899 INFO  [main][Http11NioProtocol.log(DirectJDKLog.java:173)] Initializing ProtocolHandler ["http-nio-8081"]
12:07:17.912 INFO  [main][StandardService.log(DirectJDKLog.java:173)] Starting service [Tomcat]
12:07:17.916 INFO  [main][StandardEngine.log(DirectJDKLog.java:173)] Starting Servlet engine: [Apache Tomcat/9.0.82]
12:07:18.250 INFO  [main][[/].log(DirectJDKLog.java:173)] Initializing Spring embedded WebApplicationContext
12:07:18.251 INFO  [main][ServletWebServerApplicationContext.prepareWebApplicationContext(ServletWebServerApplicationContext.java:292)] Root WebApplicationContext: initialization completed in 4122 ms
12:07:18.719 INFO  [main][HikariDataSource.getConnection(HikariDataSource.java:110)] HikariPool-1 - Starting...
12:07:19.168 INFO  [main][HikariDataSource.getConnection(HikariDataSource.java:123)] HikariPool-1 - Start completed.
12:07:19.312 INFO  [main][LogHelper.logPersistenceUnitInformation(LogHelper.java:31)] HHH000204: Processing PersistenceUnitInfo [name: default]
12:07:19.585 INFO  [main][Version.logVersion(Version.java:44)] HHH000412: Hibernate ORM core version 5.6.15.Final
12:07:19.925 INFO  [main][Version.<clinit>(JavaReflectionManager.java:56)] HCANN000001: Hibernate Commons Annotations {5.1.2.Final}
12:07:20.200 INFO  [main][Dialect.<init>(Dialect.java:175)] HHH000400: Using dialect: org.hibernate.dialect.MySQL8Dialect
12:07:21.428 INFO  [main][JtaPlatformInitiator.initiateService(JtaPlatformInitiator.java:52)] HHH000490: Using JtaPlatform implementation: [org.hibernate.engine.transaction.jta.platform.internal.NoJtaPlatform]
12:07:21.459 INFO  [main][LocalContainerEntityManagerFactoryBean.buildNativeEntityManagerFactory(AbstractEntityManagerFactoryBean.java:437)] Initialized JPA EntityManagerFactory for persistence unit 'default'
12:07:24.917 WARN  [main][JpaBaseConfiguration$JpaWebConfiguration.openEntityManagerInViewInterceptor(JpaBaseConfiguration.java:223)] spring.jpa.open-in-view is enabled by default. Therefore, database queries may be performed during view rendering. Explicitly configure spring.jpa.open-in-view to disable this warning
12:07:25.703 WARN  [main][UserDetailsServiceAutoConfiguration.getOrDeducePassword(UserDetailsServiceAutoConfiguration.java:89)] 

Using generated security password: 0dc6ac2e-b722-4c7a-9c7a-d83c1b9e8245

This generated password is for development use only. Your security configuration must be updated before running your application in production.

12:07:26.027 INFO  [main][DefaultSecurityFilterChain.<init>(DefaultSecurityFilterChain.java:55)] Will secure any request with [org.springframework.security.web.session.DisableEncodeUrlFilter@3ecbfba1, org.springframework.security.web.context.request.async.WebAsyncManagerIntegrationFilter@739be7ec, org.springframework.security.web.context.SecurityContextPersistenceFilter@12051d38, org.springframework.security.web.header.HeaderWriterFilter@3f5e64c9, org.springframework.security.web.csrf.CsrfFilter@3220833f, org.springframework.security.web.authentication.logout.LogoutFilter@63c163e1, org.springframework.security.web.authentication.UsernamePasswordAuthenticationFilter@34cb1310, org.springframework.security.web.authentication.ui.DefaultLoginPageGeneratingFilter@3d195d15, org.springframework.security.web.authentication.ui.DefaultLogoutPageGeneratingFilter@1df2e767, org.springframework.security.web.authentication.www.BasicAuthenticationFilter@1a99692, org.springframework.security.web.savedrequest.RequestCacheAwareFilter@67730dab, org.springframework.security.web.servletapi.SecurityContextHolderAwareRequestFilter@466cca41, org.springframework.security.web.authentication.AnonymousAuthenticationFilter@4d0d568f, org.springframework.security.web.session.SessionManagementFilter@3d00e981, org.springframework.security.web.access.ExceptionTranslationFilter@402c415e, org.springframework.security.web.access.intercept.FilterSecurityInterceptor@4d071e4b]
12:07:26.105 INFO  [main][Http11NioProtocol.log(DirectJDKLog.java:173)] Starting ProtocolHandler ["http-nio-8081"]
12:07:26.324 INFO  [main][TomcatWebServer.start(TomcatWebServer.java:220)] Tomcat started on port(s): 8081 (http) with context path ''
12:07:26.342 INFO  [main][AttendanceApplication.logStarted(StartupInfoLogger.java:61)] Started AttendanceApplication in 13.194 seconds (JVM running for 14.393)
12:07:35.949 INFO  [http-nio-8081-exec-1][[/].log(DirectJDKLog.java:173)] Initializing Spring DispatcherServlet 'dispatcherServlet'
12:07:35.949 INFO  [http-nio-8081-exec-1][DispatcherServlet.initServletBean(FrameworkServlet.java:525)] Initializing Servlet 'dispatcherServlet'
12:07:35.953 INFO  [http-nio-8081-exec-1][DispatcherServlet.initServletBean(FrameworkServlet.java:547)] Completed initialization in 3 ms
12:21:24.757 INFO  [main][AttendanceApplication.logStarting(StartupInfoLogger.java:55)] Starting AttendanceApplication using Java 17.0.2 on DESKTOP-DG5SNN9 with PID 7260 (D:\產業尖兵\Java_project\attendance\bin\main started by TOM HSIEH in D:\產業尖兵\Java_project\attendance)
12:21:24.781 INFO  [main][AttendanceApplication.logStartupProfileInfo(SpringApplication.java:632)] No active profile set, falling back to 1 default profile: "default"
12:21:26.769 INFO  [main][RepositoryConfigurationDelegate.registerRepositoriesIn(RepositoryConfigurationDelegate.java:132)] Bootstrapping Spring Data JPA repositories in DEFAULT mode.
12:21:27.038 INFO  [main][RepositoryConfigurationDelegate.registerRepositoriesIn(RepositoryConfigurationDelegate.java:201)] Finished Spring Data repository scanning in 236 ms. Found 7 JPA repository interfaces.
12:21:28.834 INFO  [main][TomcatWebServer.initialize(TomcatWebServer.java:108)] Tomcat initialized with port(s): 8081 (http)
12:21:28.884 INFO  [main][Http11NioProtocol.log(DirectJDKLog.java:173)] Initializing ProtocolHandler ["http-nio-8081"]
12:21:28.891 INFO  [main][StandardService.log(DirectJDKLog.java:173)] Starting service [Tomcat]
12:21:28.894 INFO  [main][StandardEngine.log(DirectJDKLog.java:173)] Starting Servlet engine: [Apache Tomcat/9.0.82]
12:21:29.246 INFO  [main][[/].log(DirectJDKLog.java:173)] Initializing Spring embedded WebApplicationContext
12:21:29.250 INFO  [main][ServletWebServerApplicationContext.prepareWebApplicationContext(ServletWebServerApplicationContext.java:292)] Root WebApplicationContext: initialization completed in 4262 ms
12:21:29.787 INFO  [main][HikariDataSource.getConnection(HikariDataSource.java:110)] HikariPool-1 - Starting...
12:21:30.387 INFO  [main][HikariDataSource.getConnection(HikariDataSource.java:123)] HikariPool-1 - Start completed.
12:21:30.703 INFO  [main][LogHelper.logPersistenceUnitInformation(LogHelper.java:31)] HHH000204: Processing PersistenceUnitInfo [name: default]
12:21:30.915 INFO  [main][Version.logVersion(Version.java:44)] HHH000412: Hibernate ORM core version 5.6.15.Final
12:21:31.399 INFO  [main][Version.<clinit>(JavaReflectionManager.java:56)] HCANN000001: Hibernate Commons Annotations {5.1.2.Final}
12:21:31.733 INFO  [main][Dialect.<init>(Dialect.java:175)] HHH000400: Using dialect: org.hibernate.dialect.MySQL8Dialect
12:21:33.200 INFO  [main][JtaPlatformInitiator.initiateService(JtaPlatformInitiator.java:52)] HHH000490: Using JtaPlatform implementation: [org.hibernate.engine.transaction.jta.platform.internal.NoJtaPlatform]
12:21:33.218 INFO  [main][LocalContainerEntityManagerFactoryBean.buildNativeEntityManagerFactory(AbstractEntityManagerFactoryBean.java:437)] Initialized JPA EntityManagerFactory for persistence unit 'default'
12:21:34.700 WARN  [main][JpaBaseConfiguration$JpaWebConfiguration.openEntityManagerInViewInterceptor(JpaBaseConfiguration.java:223)] spring.jpa.open-in-view is enabled by default. Therefore, database queries may be performed during view rendering. Explicitly configure spring.jpa.open-in-view to disable this warning
12:21:35.941 WARN  [main][UserDetailsServiceAutoConfiguration.getOrDeducePassword(UserDetailsServiceAutoConfiguration.java:89)] 

Using generated security password: 77879d13-2638-4b40-a144-4d04b97443ac

This generated password is for development use only. Your security configuration must be updated before running your application in production.

12:21:36.264 INFO  [main][DefaultSecurityFilterChain.<init>(DefaultSecurityFilterChain.java:55)] Will secure any request with [org.springframework.security.web.session.DisableEncodeUrlFilter@5b78a946, org.springframework.security.web.context.request.async.WebAsyncManagerIntegrationFilter@37c762aa, org.springframework.security.web.context.SecurityContextPersistenceFilter@391b03b, org.springframework.security.web.header.HeaderWriterFilter@2d527346, org.springframework.security.web.csrf.CsrfFilter@64d1f549, org.springframework.security.web.authentication.logout.LogoutFilter@682d8dad, org.springframework.security.web.authentication.UsernamePasswordAuthenticationFilter@3cd89c72, org.springframework.security.web.authentication.ui.DefaultLoginPageGeneratingFilter@6265a548, org.springframework.security.web.authentication.ui.DefaultLogoutPageGeneratingFilter@4c438f66, org.springframework.security.web.authentication.www.BasicAuthenticationFilter@34cb1310, org.springframework.security.web.savedrequest.RequestCacheAwareFilter@41dc34c8, org.springframework.security.web.servletapi.SecurityContextHolderAwareRequestFilter@402c415e, org.springframework.security.web.authentication.AnonymousAuthenticationFilter@13087c75, org.springframework.security.web.session.SessionManagementFilter@11fb1691, org.springframework.security.web.access.ExceptionTranslationFilter@6fe77a97, org.springframework.security.web.access.intercept.FilterSecurityInterceptor@44f338ec]
12:21:36.425 INFO  [main][Http11NioProtocol.log(DirectJDKLog.java:173)] Starting ProtocolHandler ["http-nio-8081"]
12:21:36.520 INFO  [main][TomcatWebServer.start(TomcatWebServer.java:220)] Tomcat started on port(s): 8081 (http) with context path ''
12:21:36.575 INFO  [main][AttendanceApplication.logStarted(StartupInfoLogger.java:61)] Started AttendanceApplication in 12.628 seconds (JVM running for 14.156)
12:21:48.831 INFO  [http-nio-8081-exec-1][[/].log(DirectJDKLog.java:173)] Initializing Spring DispatcherServlet 'dispatcherServlet'
12:21:48.832 INFO  [http-nio-8081-exec-1][DispatcherServlet.initServletBean(FrameworkServlet.java:525)] Initializing Servlet 'dispatcherServlet'
12:21:48.848 INFO  [http-nio-8081-exec-1][DispatcherServlet.initServletBean(FrameworkServlet.java:547)] Completed initialization in 15 ms
